This is pdfTeX, Version 3.14159265-2.6-1.40.15 (TeX Live 2014) (preloaded format=pdflatex 2014.5.25)  2 SEP 2015 18:55
entering extended mode
 restricted \write18 enabled.
 file:line:error style messages enabled.
 %&-line parsing enabled.
**ucsd.cls
(./ucsd.cls
LaTeX2e <2014/05/01>
Babel <3.9k> and hyphenation patterns for 78 languages loaded.

LaTeX Warning: You have requested package `',
               but the package provides `ucsd'.

Package: ucsd 2008/05/13 V1.1 University of California, San Diego, Mathematics 
Dissertation Class

./ucsd.cls:133: LaTeX Error: Command \@ already defined.
               Or name \end... illegal, see p.192 of the manual.

See the LaTeX manual or LaTeX Companion for explanation.
Type  H <return>  for immediate help.
 ...                                              
                                                  
l.133 \newcommand\@p
                    tsize{}
? 
./ucsd.cls:133: Emergency stop.
 ...                                              
                                                  
l.133 \newcommand\@p
                    tsize{}
Your command was ignored.
Type  I <command> <return>  to replace it with another command,
or  <return>  to continue without it.

 
Here is how much of TeX's memory you used:
 8 strings out of 493117
 324 string characters out of 6135433
 52909 words of memory out of 5000000
 3569 multiletter control sequences out of 15000+600000
 3640 words of font info for 14 fonts, out of 8000000 for 9000
 1141 hyphenation exceptions out of 8191
 7i,0n,4p,109b,14s stack positions out of 5000i,500n,10000p,200000b,80000s
./ucsd.cls:133:  ==> Fatal error occurred, no output PDF file produced!
